<?xml version="1.0" encoding="UTF-8"?>
<!-- Generated by org.testng.reporters.JUnitXMLReporter -->
<testsuite ignored="0" hostname="DESKTOP-0TEEMMN" failures="0" tests="2" name="IETest" time="0.123" errors="0" timestamp="2024-03-20T18:56:20 IST">
  <testcase classname="com.mystore.testcases.IndexPageTest" name="verifyLogo" time="0.001">
    <skipped/>
  </testcase> <!-- verifyLogo -->
  <testcase classname="com.mystore.testcases.IndexPageTest" name="verifyTitle" time="0.0">
    <skipped/>
  </testcase> <!-- verifyTitle -->
</testsuite> <!-- IETest -->
